"Start of log file."
"E:/GameDev/Proyectos/PDV-SpaceInvaders/PDV/Space Invaders/Assets/Ship/Ship.max"
"Starting max loading and fbx conversion"
window = undefined
"Settings units"
"Before fbx export"
"After fbx export"
"Finished max loading and fbx conversion"
"E:/GameDev/Proyectos/PDV-SpaceInvaders/PDV/Space Invaders/Assets/Alien 01/Alien_01.max"
"Starting max loading and fbx conversion"
window = undefined
"Settings units"
"Before fbx export"
"After fbx export"
"Finished max loading and fbx conversion"
"E:/GameDev/Proyectos/PDV-SpaceInvaders/PDV/Space Invaders/Assets/Alien 02/Alien 02.max"
"Starting max loading and fbx conversion"
window = undefined
"Settings units"
"Before fbx export"
"After fbx export"
"Finished max loading and fbx conversion"
"E:/GameDev/Proyectos/PDV-SpaceInvaders/PDV/Space Invaders/Assets/Alien04/Space_Invader.max"
"Starting max loading and fbx conversion"
window = undefined
"Settings units"
"Before fbx export"
"After fbx export"
"Finished max loading and fbx conversion"
